<?xml version="1.0" encoding="UTF-8"?>
<!-- Generated by org.testng.reporters.JUnitReportReporter -->
<testsuite hostname="DESKTOP-HHE0L50" failures="0" tests="1" name="GetDemo.GetTest" time="4.559" errors="0" timestamp="2021-03-27T22:53:05 GMT" skipped="0">
  <testcase classname="GetDemo.GetTest" name="testCityWeather" time="4.559"/>
  <system-out/>
</testsuite> <!-- GetDemo.GetTest -->
